Placed N at (2, 2)
 y\x  0 1 2 3 4 5 6 7 8 9
 10: ---------------------
  9: | | | | | | | | | |*|
  8: |*| | | | | | | | | |
  7: | | | | | | | | | | |
  6: | | | | | | | | | | |
  5: | | | |*| | | | |*| |
  4: | | | | | | | | | | |
  3: | | | | | | | |*|*| |
  2: | | |N| |*| | | | | |
  1: | | | | | | |*| |*| |
  0: | | | | |*| | | | | |
 -1: ---------------------

Placed N at (3, 4)
 y\x  0 1 2 3 4 5 6 7 8 9
 10: ---------------------
  9: | | | | | | | | | |*|
  8: |*| | | | | | | | | |
  7: | | | | | | | | | | |
  6: | | | | | | | | | | |
  5: | | | |*| | | | |*| |
  4: | | | |N| | | | | | |
  3: | | | | | | | |*|*| |
  2: | | |N| |*| | | | | |
  1: | | | | | | |*| |*| |
  0: | | | | |*| | | | | |
 -1: ---------------------

N moved from (2, 2) to (2, 3)
 y\x  0 1 2 3 4 5 6 7 8 9
 10: ---------------------
  9: | | | | | | | | | |*|
  8: |*| | | | | | | | | |
  7: | | | | | | | | | | |
  6: | | | | | | | | | | |
  5: | | | |*| | | | |*| |
  4: | | | |N| | | | | | |
  3: | | |N| | | | |*|*| |
  2: | | | | |*| | | | | |
  1: | | | | | | |*| |*| |
  0: | | | | |*| | | | | |
 -1: ---------------------

E changed its orientation from North to East
 y\x  0 1 2 3 4 5 6 7 8 9
 10: ---------------------
  9: | | | | | | | | | |*|
  8: |*| | | | | | | | | |
  7: | | | | | | | | | | |
  6: | | | | | | | | | | |
  5: | | | |*| | | | |*| |
  4: | | | |E| | | | | | |
  3: | | |N| | | | |*|*| |
  2: | | | | |*| | | | | |
  1: | | | | | | |*| |*| |
  0: | | | | |*| | | | | |
 -1: ---------------------

N moved from (2, 3) to (2, 4)
 y\x  0 1 2 3 4 5 6 7 8 9
 10: ---------------------
  9: | | | | | | | | | |*|
  8: |*| | | | | | | | | |
  7: | | | | | | | | | | |
  6: | | | | | | | | | | |
  5: | | | |*| | | | |*| |
  4: | | |N|E| | | | | | |
  3: | | | | | | | |*|*| |
  2: | | | | |*| | | | | |
  1: | | | | | | |*| |*| |
  0: | | | | |*| | | | | |
 -1: ---------------------

E moved from (3, 4) to (4, 4)
 y\x  0 1 2 3 4 5 6 7 8 9
 10: ---------------------
  9: | | | | | | | | | |*|
  8: |*| | | | | | | | | |
  7: | | | | | | | | | | |
  6: | | | | | | | | | | |
  5: | | | |*| | | | |*| |
  4: | | |N| |E| | | | | |
  3: | | | | | | | |*|*| |
  2: | | | | |*| | | | | |
  1: | | | | | | |*| |*| |
  0: | | | | |*| | | | | |
 -1: ---------------------

N moved from (2, 4) to (2, 5)
 y\x  0 1 2 3 4 5 6 7 8 9
 10: ---------------------
  9: | | | | | | | | | |*|
  8: |*| | | | | | | | | |
  7: | | | | | | | | | | |
  6: | | | | | | | | | | |
  5: | | |N|*| | | | |*| |
  4: | | | | |E| | | | | |
  3: | | | | | | | |*|*| |
  2: | | | | |*| | | | | |
  1: | | | | | | |*| |*| |
  0: | | | | |*| | | | | |
 -1: ---------------------

E moved from (4, 4) to (5, 4)
 y\x  0 1 2 3 4 5 6 7 8 9
 10: ---------------------
  9: | | | | | | | | | |*|
  8: |*| | | | | | | | | |
  7: | | | | | | | | | | |
  6: | | | | | | | | | | |
  5: | | |N|*| | | | |*| |
  4: | | | | | |E| | | | |
  3: | | | | | | | |*|*| |
  2: | | | | |*| | | | | |
  1: | | | | | | |*| |*| |
  0: | | | | |*| | | | | |
 -1: ---------------------

N moved from (2, 5) to (2, 4)
 y\x  0 1 2 3 4 5 6 7 8 9
 10: ---------------------
  9: | | | | | | | | | |*|
  8: |*| | | | | | | | | |
  7: | | | | | | | | | | |
  6: | | | | | | | | | | |
  5: | | | |*| | | | |*| |
  4: | | |N| | |E| | | | |
  3: | | | | | | | |*|*| |
  2: | | | | |*| | | | | |
  1: | | | | | | |*| |*| |
  0: | | | | |*| | | | | |
 -1: ---------------------

E moved from (5, 4) to (4, 4)
 y\x  0 1 2 3 4 5 6 7 8 9
 10: ---------------------
  9: | | | | | | | | | |*|
  8: |*| | | | | | | | | |
  7: | | | | | | | | | | |
  6: | | | | | | | | | | |
  5: | | | |*| | | | |*| |
  4: | | |N| |E| | | | | |
  3: | | | | | | | |*|*| |
  2: | | | | |*| | | | | |
  1: | | | | | | |*| |*| |
  0: | | | | |*| | | | | |
 -1: ---------------------

E changed its orientation from North to East
 y\x  0 1 2 3 4 5 6 7 8 9
 10: ---------------------
  9: | | | | | | | | | |*|
  8: |*| | | | | | | | | |
  7: | | | | | | | | | | |
  6: | | | | | | | | | | |
  5: | | | |*| | | | |*| |
  4: | | |E| |E| | | | | |
  3: | | | | | | | |*|*| |
  2: | | | | |*| | | | | |
  1: | | | | | | |*| |*| |
  0: | | | | |*| | | | | |
 -1: ---------------------

S changed its orientation from East to South
 y\x  0 1 2 3 4 5 6 7 8 9
 10: ---------------------
  9: | | | | | | | | | |*|
  8: |*| | | | | | | | | |
  7: | | | | | | | | | | |
  6: | | | | | | | | | | |
  5: | | | |*| | | | |*| |
  4: | | |E| |S| | | | | |
  3: | | | | | | | |*|*| |
  2: | | | | |*| | | | | |
  1: | | | | | | |*| |*| |
  0: | | | | |*| | | | | |
 -1: ---------------------

N changed its orientation from East to North
 y\x  0 1 2 3 4 5 6 7 8 9
 10: ---------------------
  9: | | | | | | | | | |*|
  8: |*| | | | | | | | | |
  7: | | | | | | | | | | |
  6: | | | | | | | | | | |
  5: | | | |*| | | | |*| |
  4: | | |N| |S| | | | | |
  3: | | | | | | | |*|*| |
  2: | | | | |*| | | | | |
  1: | | | | | | |*| |*| |
  0: | | | | |*| | | | | |
 -1: ---------------------

E changed its orientation from South to East
 y\x  0 1 2 3 4 5 6 7 8 9
 10: ---------------------
  9: | | | | | | | | | |*|
  8: |*| | | | | | | | | |
  7: | | | | | | | | | | |
  6: | | | | | | | | | | |
  5: | | | |*| | | | |*| |
  4: | | |N| |E| | | | | |
  3: | | | | | | | |*|*| |
  2: | | | | |*| | | | | |
  1: | | | | | | |*| |*| |
  0: | | | | |*| | | | | |
 -1: ---------------------

W changed its orientation from North to West
 y\x  0 1 2 3 4 5 6 7 8 9
 10: ---------------------
  9: | | | | | | | | | |*|
  8: |*| | | | | | | | | |
  7: | | | | | | | | | | |
  6: | | | | | | | | | | |
  5: | | | |*| | | | |*| |
  4: | | |W| |E| | | | | |
  3: | | | | | | | |*|*| |
  2: | | | | |*| | | | | |
  1: | | | | | | |*| |*| |
  0: | | | | |*| | | | | |
 -1: ---------------------

